<?xml version="1.0" encoding="UTF-8"?>
<testsuites name="jest tests" tests="28" failures="0" errors="0" time="20.284">
  <testsuite name="Resources panel test suite" errors="0" failures="0" skipped="0" timestamp="2024-08-01T13:35:38" time="13.655" tests="3">
    <testcase classname="Resources panel test suite it should render resources panel" name="Resources panel test suite it should render resources panel" time="0.085">
    </testcase>
    <testcase classname="Resources panel test suite it should call onClose on close btn click" name="Resources panel test suite it should call onClose on close btn click" time="0.03">
    </testcase>
    <testcase classname="Resources panel test suite it should track link clicked event on click of any link" name="Resources panel test suite it should track link clicked event on click of any link" time="0.04">
    </testcase>
  </testsuite>
  <testsuite name="ConnectionStatus test suite" errors="0" failures="0" skipped="0" timestamp="2024-08-01T13:35:38" time="13.907" tests="8">
    <testcase classname="ConnectionStatus test suite it should show a loading status by default" name="ConnectionStatus test suite it should show a loading status by default" time="0.026">
    </testcase>
    <testcase classname="ConnectionStatus test suite it should periodically request connection status" name="ConnectionStatus test suite it should periodically request connection status" time="0.005">
    </testcase>
    <testcase classname="ConnectionStatus test suite when GET_CONNECTION_STATUS gets responded with a disconnecting state it should show a disconnecting status" name="ConnectionStatus test suite when GET_CONNECTION_STATUS gets responded with a disconnecting state it should show a disconnecting status" time="0.005">
    </testcase>
    <testcase classname="ConnectionStatus test suite when GET_CONNECTION_STATUS gets responded with a disconnected state it should show a disconnected status" name="ConnectionStatus test suite when GET_CONNECTION_STATUS gets responded with a disconnected state it should show a disconnected status" time="0.005">
    </testcase>
    <testcase classname="ConnectionStatus test suite when GET_CONNECTION_STATUS gets responded with a connecting state it should show a connecting status" name="ConnectionStatus test suite when GET_CONNECTION_STATUS gets responded with a connecting state it should show a connecting status" time="0.007">
    </testcase>
    <testcase classname="ConnectionStatus test suite when GET_CONNECTION_STATUS gets responded with a connected state it should show a connected status" name="ConnectionStatus test suite when GET_CONNECTION_STATUS gets responded with a connected state it should show a connected status" time="0.093">
    </testcase>
    <testcase classname="ConnectionStatus test suite when GET_CONNECTION_STATUS gets responded with a connected state it should allow editing the name of the connection" name="ConnectionStatus test suite when GET_CONNECTION_STATUS gets responded with a connected state it should allow editing the name of the connection" time="0.024">
    </testcase>
    <testcase classname="ConnectionStatus test suite when GET_CONNECTION_STATUS gets responded with a connected state it should allow creating new playground" name="ConnectionStatus test suite when GET_CONNECTION_STATUS gets responded with a connected state it should allow creating new playground" time="0.035">
    </testcase>
  </testsuite>
  <testsuite name="AtlasCta test suite" errors="0" failures="0" skipped="0" timestamp="2024-08-01T13:35:52" time="2.844" tests="3">
    <testcase classname="AtlasCta test suite it should render Atlas CTA" name="AtlasCta test suite it should render Atlas CTA" time="0.131">
    </testcase>
    <testcase classname="AtlasCta test suite it should track clicks on MongoDB Atlas link" name="AtlasCta test suite it should track clicks on MongoDB Atlas link" time="0.018">
    </testcase>
    <testcase classname="AtlasCta test suite when clicked on &quot;Create free cluster&quot; button, it should open create account page on atlas and also track the link" name="AtlasCta test suite when clicked on &quot;Create free cluster&quot; button, it should open create account page on atlas and also track the link" time="0.018">
    </testcase>
  </testsuite>
  <testsuite name="ConnectHelper test suite" errors="0" failures="0" skipped="1" timestamp="2024-08-01T13:35:52" time="3.222" tests="3">
    <testcase classname="ConnectHelper test suite when rendered it should show both connection options" name="ConnectHelper test suite when rendered it should show both connection options" time="0.056">
    </testcase>
    <testcase classname="ConnectHelper test suite when connecting with string, it should call vscode to open connection string input" name="ConnectHelper test suite when connecting with string, it should call vscode to open connection string input" time="0.014">
    </testcase>
    <testcase classname="ConnectHelper test suite when clicked on open connection form, it should open connection form" name="ConnectHelper test suite when clicked on open connection form, it should open connection form" time="0">
      <skipped/>
    </testcase>
  </testsuite>
  <testsuite name="OverviewPage test suite" errors="0" failures="0" skipped="0" timestamp="2024-08-01T13:35:38" time="19.454" tests="9">
    <testcase classname="OverviewPage test suite it should render OverviewPage" name="OverviewPage test suite it should render OverviewPage" time="0.151">
    </testcase>
    <testcase classname="OverviewPage test suite on click of resources, it should open resources panel" name="OverviewPage test suite on click of resources, it should open resources panel" time="0.145">
    </testcase>
    <testcase classname="OverviewPage test suite on click of close button on resources panel, it should close resources panel" name="OverviewPage test suite on click of close button on resources panel, it should close resources panel" time="0.07">
    </testcase>
    <testcase classname="OverviewPage test suite Connection Form it is able to open and close the new connection form" name="OverviewPage test suite Connection Form it is able to open and close the new connection form" time="1.663">
    </testcase>
    <testcase classname="OverviewPage test suite Connection Form should send connect request to webview controller when clicked on Connect button" name="OverviewPage test suite Connection Form should send connect request to webview controller when clicked on Connect button" time="0.706">
    </testcase>
    <testcase classname="OverviewPage test suite Connection Form should display error message returned from connection attempt" name="OverviewPage test suite Connection Form should display error message returned from connection attempt" time="0.577">
    </testcase>
    <testcase classname="OverviewPage test suite Connection Form should close the connection modal when connected successfully" name="OverviewPage test suite Connection Form should close the connection modal when connected successfully" time="0.479">
    </testcase>
    <testcase classname="OverviewPage test suite Connection Form should handle editing a connection" name="OverviewPage test suite Connection Form should handle editing a connection" time="0.618">
    </testcase>
    <testcase classname="OverviewPage test suite Connection Form should not display results from other connection attempts" name="OverviewPage test suite Connection Form should not display results from other connection attempts" time="0.5">
    </testcase>
  </testsuite>
  <testsuite name="App Component Test Suite" errors="0" failures="0" skipped="0" timestamp="2024-08-01T13:35:55" time="2.902" tests="2">
    <testcase classname="App Component Test Suite it renders the old overview page when useOldConnectionForm is falsy" name="App Component Test Suite it renders the old overview page when useOldConnectionForm is falsy" time="0.076">
    </testcase>
    <testcase classname="App Component Test Suite it renders the new overview page when useOldConnectionForm is truthy" name="App Component Test Suite it renders the new overview page when useOldConnectionForm is truthy" time="0.01">
    </testcase>
  </testsuite>
</testsuites>